{
  "timestamp": "2025-04-12 20:24:16.306371",
  "device_info": {
    "serial_number": "ADIAH04wUAcgNDlF",
    "model": "0",
    "git_hash": "2af62ba720e0b04ae736a4bc1c8a28d65383d919",
    "git_dirty": false,
    "git_timestamp": 1731592431,
    "uuid": "b994e920-acb9-4555-ad73-cacbbccf282c"
  },
  "calibration": {
    "invert": false,
    "phase_invert": false,
    "poles": 8,
    "offset": [
      2.154124300887812,
      2.4118483430068856,
      2.403259220586879,
      2.1262625090336704,
      2.4295984632457013,
      2.243184252913262,
      2.2307713448354693,
      2.45036393137723,
      2.0976993389518874,
      2.2895782522239223,
      2.335546723606623,
      2.1222727106738355,
      2.4237960136883046,
      2.192262528325347,
      2.073076973437933,
      2.387162111404021,
      2.1407614643692257,
      2.306285059495434,
      2.395428829924427,
      2.07029896840565,
      2.333862480167659,
      2.2262224082398165,
      2.12550149032568,
      2.4149816622855678,
      2.0824049085997265,
      2.1947139566391085,
      2.331641058563607,
      2.0892764940711457,
      2.383000669441888,
      2.1935271293404766,
      2.0712283162756204,
      2.3917545581952346,
      2.1543312038233906,
      2.3520917503287926,
      2.4000991685727366,
      2.1001279364171577,
      2.3950932285966404,
      2.2341593028607742,
      2.223299931163066,
      2.4543978216633318,
      2.1005313514979074,
      2.309392092612989,
      2.344368453709567,
      2.155796560948888,
      2.458144291410657,
      2.192634908463847,
      2.147364375033066,
      2.426596055854056,
      2.1612852916689844,
      2.391878256527975,
      2.395652009488418,
      2.106962207473856,
      2.4160762839498697,
      2.2322829089890734,
      2.210385867262687,
      2.4424239403108396,
      2.098424799162425,
      2.2904524744987325,
      2.372068208727393,
      2.180169534085913,
      2.45408109708707,
      2.180670811831948,
      2.1490885380802403,
      2.4293953778178135
    ],
    "fit_metric": 15.236540852696814,
    "current_quality_factor": 187.47150135613145
  },
  "winding_resistance": 0.33521843642709914,
  "inductance": 0.0002153884135769703,
  "pid_dq_kp": 0.135332531552354,
  "pid_dq_ki": 210.62395544544637,
  "torque_bw_hz": 100.0,
  "encoder_filter_bw_hz": 100.0,
  "encoder_filter_kp": 1256.6370614359173,
  "encoder_filter_ki": 394784.17604357435,
  "kv": 206.68160271149225,
  "unwrapped_position_scale": 1.0,
  "motor_position_output_sign": 1.0,
  "abi_version": 265,
  "voltage_mode_control": false
}
