{
  "timestamp": "2025-04-12 20:26:23.407885",
  "device_info": {
    "serial_number": "ADMAGE4wUAcgNDlF",
    "model": "0",
    "git_hash": "2af62ba720e0b04ae736a4bc1c8a28d65383d919",
    "git_dirty": false,
    "git_timestamp": 1731592431,
    "uuid": "5e548349-8980-4156-904b-28eb04a5f328"
  },
  "calibration": {
    "invert": false,
    "phase_invert": false,
    "poles": 8,
    "offset": [
      3.101364870657175,
      2.737753196174405,
      2.9805549892998964,
      3.013965751955944,
      2.6777376726747075,
      3.044004233266416,
      2.8760764507847525,
      2.819152674137357,
      3.11789185273586,
      2.7399604124727746,
      2.9067270933513223,
      3.031437730982339,
      2.7265575080099524,
      3.1168289536646543,
      2.8758261531765026,
      2.7887635779031443,
      3.1288461504165093,
      2.7516656349691746,
      3.0586486547420293,
      3.013263390114258,
      2.7299697210703373,
      3.146054960918478,
      2.860397706805515,
      2.9779169147366624,
      3.147030907492943,
      2.7693844336199773,
      3.1027328893238293,
      3.015337092398258,
      2.876803259886472,
      3.2327223112958223,
      2.862037225852747,
      2.978764407503093,
      3.1598829210458717,
      2.805239807449051,
      3.172248427400455,
      3.0000177943914323,
      2.781933397599733,
      3.1609256182352383,
      2.863990393520466,
      2.9393324026866314,
      3.1274719174378514,
      2.7549452821098943,
      2.9525576771872504,
      3.020410515731618,
      2.719232210901492,
      3.087743897393823,
      2.877590117583119,
      2.705657920652148,
      3.0785594470938746,
      2.732967053407627,
      2.900286292432203,
      3.0130806396878866,
      2.6445921616745838,
      2.971748806309092,
      2.8868366130160905,
      2.7536274116618977,
      3.0931725829205634,
      2.7761576980797207,
      2.843914455804675,
      3.029416571892756,
      2.7017234056286576,
      3.0861351276188826,
      2.8749134507193532,
      2.739390977449391
    ],
    "fit_metric": 16.743055306279878,
    "current_quality_factor": 278.8406698040782
  },
  "winding_resistance": 0.3514613905715103,
  "inductance": 0.00021950630146781714,
  "pid_dq_kp": 0.13791987682159215,
  "pid_dq_ki": 220.82970452798196,
  "torque_bw_hz": 100.0,
  "encoder_filter_bw_hz": 100.0,
  "encoder_filter_kp": 1256.6370614359173,
  "encoder_filter_ki": 394784.17604357435,
  "kv": 216.13563699546543,
  "unwrapped_position_scale": 1.0,
  "motor_position_output_sign": 1.0,
  "abi_version": 265,
  "voltage_mode_control": false
}
